-------------------------------------------------------------------------------
Test set: com.sistema.escola.repository.CursoRepositoryTests
-------------------------------------------------------------------------------
Tests run: 1, Failures: 0, Errors: 1, Skipped: 0, Time elapsed: 0.001 s <<< FAILURE! -- in com.sistema.escola.repository.CursoRepositoryTests
com.sistema.escola.repository.CursoRepositoryTests -- Time elapsed: 0.001 s <<< ERROR!
java.lang.NoClassDefFoundError: com/sistema/escola/repository/CursoRepository
	at java.base/java.lang.Class.getDeclaredFields0(Native Method)
	at java.base/java.lang.Class.privateGetDeclaredFields(Class.java:3473)
	at java.base/java.lang.Class.getDeclaredFields(Class.java:2542)
	at java.base/java.util.ArrayList.forEach(ArrayList.java:1596)
Caused by: java.lang.ClassNotFoundException: com.sistema.escola.repository.CursoRepository
	at java.base/jdk.internal.loader.BuiltinClassLoader.loadClass(BuiltinClassLoader.java:641)
	at java.base/jdk.internal.loader.ClassLoaders$AppClassLoader.loadClass(ClassLoaders.java:188)
	at java.base/java.lang.ClassLoader.loadClass(ClassLoader.java:526)
	... 4 more

