<?xml version="1.0" encoding="UTF-8"?>
<testsuite xmlns:xsi="http://www.w3.org/2001/XMLSchema-instance" xsi:noNamespaceSchemaLocation="https://maven.apache.org/surefire/maven-surefire-plugin/xsd/surefire-test-report-3.0.xsd" version="3.0" name="com.sistema.escola.repository.CursoRepositoryTests" time="1.185" tests="3" errors="0" skipped="0" failures="0">
  <properties>
[...]
</properties>
  <testcase name="testFindAll" classname="com.sistema.escola.repository.CursoRepositoryTests" time="0.515">
    <system-out><![CDATA[2024-11-06T19:22:18.808-03:00  INFO 22855 --- [escola] [           main] t.c.s.AnnotationConfigContextLoaderUtils : Could not detect default configuration classes for test class [com.sistema.escola.repository.CursoRepositoryTests]: CursoRepositoryTests does not declare any static, non-private, non-final, nested classes annotated with @Configuration.
2024-11-06T19:22:18.862-03:00  INFO 22855 --- [escola] [           main] .b.t.c.SpringBootTestContextBootstrapper : Found @SpringBootConfiguration com.sistema.escola.EscolaApplication for test class com.sistema.escola.repository.CursoRepositoryTests
2024-11-06T19:22:18.867-03:00  INFO 22855 --- [escola] [           main] o.s.b.d.r.RestartApplicationListener     : Restart disabled due to context in which it is running

  .   ____          _            __ _ _
 /\\ / ___'_ __ _ _(_)_ __  __ _ \ \ \ \
( ( )\___ | '_ | '_| | '_ \/ _` | \ \ \ \
 \\/  ___)| |_)| | | | | || (_| |  ) ) ) )
  '  |____| .__|_| |_|_| |_\__, | / / / /
 =========|_|==============|___/=/_/_/_/

 :: Spring Boot ::                (v3.3.5)

2024-11-06T19:22:18.923-03:00  INFO 22855 --- [escola] [           main] c.s.e.repository.CursoRepositoryTests    : Starting CursoRepositoryTests using Java 21.0.4 with PID 22855 (started by jo-o-tagliarini in /home/jo-o-tagliarini/eclipse-workspace/escola)
2024-11-06T19:22:18.924-03:00  INFO 22855 --- [escola] [           main] c.s.e.repository.CursoRepositoryTests    : No active profile set, falling back to 1 default profile: "default"
2024-11-06T19:22:19.079-03:00  INFO 22855 --- [escola] [           main] .s.d.r.c.RepositoryConfigurationDelegate : Bootstrapping Spring Data JPA repositories in DEFAULT mode.
2024-11-06T19:22:19.094-03:00  INFO 22855 --- [escola] [           main] .s.d.r.c.RepositoryConfigurationDelegate : Finished Spring Data repository scanning in 14 ms. Found 3 JPA repository interfaces.
2024-11-06T19:22:19.121-03:00  INFO 22855 --- [escola] [           main] beddedDataSourceBeanFactoryPostProcessor : Replacing 'dataSource' DataSource bean with embedded version
2024-11-06T19:22:19.161-03:00  INFO 22855 --- [escola] [           main] o.s.j.d.e.EmbeddedDatabaseFactory        : Starting embedded database: url='jdbc:h2:mem:6b39a0ca-1ded-4804-a96b-3532730b93cf;DB_CLOSE_DELAY=-1;DB_CLOSE_ON_EXIT=false', username='sa'
2024-11-06T19:22:19.202-03:00  INFO 22855 --- [escola] [           main] o.hibernate.jpa.internal.util.LogHelper  : HHH000204: Processing PersistenceUnitInfo [name: default]
2024-11-06T19:22:19.204-03:00  INFO 22855 --- [escola] [           main] o.h.c.internal.RegionFactoryInitiator    : HHH000026: Second-level cache disabled
2024-11-06T19:22:19.214-03:00  INFO 22855 --- [escola] [           main] o.s.o.j.p.SpringPersistenceUnitInfo      : No LoadTimeWeaver setup: ignoring JPA class transformer
2024-11-06T19:22:19.216-03:00  WARN 22855 --- [escola] [           main] org.hibernate.orm.deprecation            : HHH90000025: H2Dialect does not need to be specified explicitly using 'hibernate.dialect' (remove the property setting and it will be selected by default)
2024-11-06T19:22:19.319-03:00  INFO 22855 --- [escola] [           main] o.h.e.t.j.p.i.JtaPlatformInitiator       : HHH000489: No JTA platform available (set 'hibernate.transaction.jta.platform' to enable JTA platform integration)
Hibernate: create table alunos (id varchar(255) not null, email_address varchar(255), name varchar(255), qtd_cursos_disponiveis integer not null, primary key (id))
Hibernate: create table cursos (id varchar(255) not null, codigo varchar(255), name varchar(255), primary key (id))
Hibernate: create table matriculas (id varchar(255) not null, codigo varchar(255), media float(53) not null, status tinyint check (status between 0 and 2), aluno_id varchar(255), curso_id varchar(255), primary key (id))
Hibernate: alter table if exists alunos drop constraint if exists UK2wc7relftsxs521l0xn572iqa
Hibernate: alter table if exists alunos add constraint UK2wc7relftsxs521l0xn572iqa unique (email_address)
Hibernate: alter table if exists cursos drop constraint if exists UK5chgkqo5rseqn463ia6onnoeu
Hibernate: alter table if exists cursos add constraint UK5chgkqo5rseqn463ia6onnoeu unique (codigo)
Hibernate: alter table if exists matriculas drop constraint if exists UKhpundbuq5suej1ca04g4a414a
Hibernate: alter table if exists matriculas add constraint UKhpundbuq5suej1ca04g4a414a unique (aluno_id, curso_id)
Hibernate: alter table if exists matriculas drop constraint if exists UKmqravgm9j60wvb1wqvsint26i
Hibernate: alter table if exists matriculas add constraint UKmqravgm9j60wvb1wqvsint26i unique (codigo)
Hibernate: alter table if exists matriculas add constraint FKrwsrt4qf6q7fghkawume7g1ya foreign key (aluno_id) references alunos
Hibernate: alter table if exists matriculas add constraint FKtgxnkauqy13npoi9q2t9n0ol5 foreign key (curso_id) references cursos
2024-11-06T19:22:19.334-03:00  INFO 22855 --- [escola] [           main] j.LocalContainerEntityManagerFactoryBean : Initialized JPA EntityManagerFactory for persistence unit 'default'
2024-11-06T19:22:19.419-03:00  INFO 22855 --- [escola] [           main] c.s.e.repository.CursoRepositoryTests    : Started CursoRepositoryTests in 0.552 seconds (process running for 10.107)
Hibernate: insert into cursos (codigo,name,id) values (?,?,?)
Hibernate: insert into cursos (codigo,name,id) values (?,?,?)
Hibernate: select c1_0.id,c1_0.codigo,c1_0.name from cursos c1_0
]]></system-out>
  </testcase>
  <testcase name="testSave" classname="com.sistema.escola.repository.CursoRepositoryTests" time="0.013"/>
  <testcase name="testFindById" classname="com.sistema.escola.repository.CursoRepositoryTests" time="0.022"/>
</testsuite>